<?xml version="1.0" encoding="UTF-8"?>
<testsuite xmlns:xsi="http://www.w3.org/2001/XMLSchema-instance" xsi:noNamespaceSchemaLocation="https://maven.apache.org/surefire/maven-surefire-plugin/xsd/surefire-test-report-3.0.xsd" version="3.0" name="org.entdes.JocServiceTest" time="0.062" tests="19" errors="0" skipped="0" failures="0">
  <properties>
[...]
</properties>
  <testcase name="testTisoresGuanyaPaper" classname="org.entdes.JocServiceTest" time="0.017"/>
  <testcase name="testEmpatPaper" classname="org.entdes.JocServiceTest" time="0.001"/>
  <testcase name="testEmpatPedra" classname="org.entdes.JocServiceTest" time="0.001"/>
  <testcase name="testPedraGuanyaTisores" classname="org.entdes.JocServiceTest" time="0.0"/>
  <testcase name="testNomJugadaInvalida" classname="org.entdes.JocServiceTest" time="0.001"/>
  <testcase name="testResultatTextInvalid" classname="org.entdes.JocServiceTest" time="0.001"/>
  <testcase name="testEmpatTisores" classname="org.entdes.JocServiceTest" time="0.001"/>
  <testcase name="testResultatTextJ1" classname="org.entdes.JocServiceTest" time="0.001"/>
  <testcase name="testResultatTextJ2" classname="org.entdes.JocServiceTest" time="0.001"/>
  <testcase name="testNomJugadaTisores" classname="org.entdes.JocServiceTest" time="0.001"/>
  <testcase name="testPerdreContraPaper" classname="org.entdes.JocServiceTest" time="0.001"/>
  <testcase name="testPerdreContraPedra" classname="org.entdes.JocServiceTest" time="0.0"/>
  <testcase name="testJugadaInvalidaJugador1" classname="org.entdes.JocServiceTest" time="0.001"/>
  <testcase name="testJugadaInvalidaJugador2" classname="org.entdes.JocServiceTest" time="0.001"/>
  <testcase name="testPerdreContraTisores" classname="org.entdes.JocServiceTest" time="0.001"/>
  <testcase name="testPaperGuanyaPedra" classname="org.entdes.JocServiceTest" time="0.001"/>
  <testcase name="testResultatTextEmpat" classname="org.entdes.JocServiceTest" time="0.001"/>
  <testcase name="testNomJugadaPaper" classname="org.entdes.JocServiceTest" time="0.001"/>
  <testcase name="testNomJugadaPedra" classname="org.entdes.JocServiceTest" time="0.001"/>
</testsuite>